2020-08-31T20:46:26+00:00 CRITICAL Uncaught Google_Auth_Exception: Error fetching OAuth2 access token, message: 'invalid_grant: Bad Request' in /var/www/powerbuildingoficial.com/wp-content/plugins/super-socializer/library/Google/Auth/OAuth2.php:120
Stack trace:
#0 /var/www/powerbuildingoficial.com/wp-content/plugins/super-socializer/library/Google/Client.php(126): Google_Auth_OAuth2->authenticate('4/3gF4cuFxWuXeo...')
#1 /var/www/powerbuildingoficial.com/wp-content/plugins/super-socializer/super_socializer.php(427): Google_Client->authenticate('4/3gF4cuFxWuXeo...')
#2 /var/www/powerbuildingoficial.com/wp-includes/class-wp-hook.php(287): the_champ_connect(Object(WP))
#3 /var/www/powerbuildingoficial.com/wp-includes/class-wp-hook.php(311): WP_Hook->apply_filters(NULL, Array)
#4 /var/www/powerbuildingoficial.com/wp-includes/plugin.php(544): WP_Hook->do_action(Array)
#5 /var/www/powerbuildingoficial.com/wp-includes/class-wp.php(388): do_action_ref_array('parse_request', Array)
#6 /var/www/powerbuildingoficial.com/wp-includes/class-wp.php(739): WP- en /var/www/powerbuildingoficial.com/wp-content/plugins/super-socializer/library/Google/Auth/OAuth2.php en la línea 120

2020-08-31T20:46:29+00:00 CRITICAL Uncaught Google_Auth_Exception: Error fetching OAuth2 access token, message: 'invalid_grant: Bad Request' in /var/www/powerbuildingoficial.com/wp-content/plugins/super-socializer/library/Google/Auth/OAuth2.php:120
Stack trace:
#0 /var/www/powerbuildingoficial.com/wp-content/plugins/super-socializer/library/Google/Client.php(126): Google_Auth_OAuth2->authenticate('4/3gF4cuFxWuXeo...')
#1 /var/www/powerbuildingoficial.com/wp-content/plugins/super-socializer/super_socializer.php(427): Google_Client->authenticate('4/3gF4cuFxWuXeo...')
#2 /var/www/powerbuildingoficial.com/wp-includes/class-wp-hook.php(287): the_champ_connect(Object(WP))
#3 /var/www/powerbuildingoficial.com/wp-includes/class-wp-hook.php(311): WP_Hook->apply_filters(NULL, Array)
#4 /var/www/powerbuildingoficial.com/wp-includes/plugin.php(544): WP_Hook->do_action(Array)
#5 /var/www/powerbuildingoficial.com/wp-includes/class-wp.php(388): do_action_ref_array('parse_request', Array)
#6 /var/www/powerbuildingoficial.com/wp-includes/class-wp.php(739): WP- en /var/www/powerbuildingoficial.com/wp-content/plugins/super-socializer/library/Google/Auth/OAuth2.php en la línea 120

2020-08-31T20:46:34+00:00 CRITICAL Uncaught Google_Auth_Exception: Error fetching OAuth2 access token, message: 'invalid_grant: Bad Request' in /var/www/powerbuildingoficial.com/wp-content/plugins/super-socializer/library/Google/Auth/OAuth2.php:120
Stack trace:
#0 /var/www/powerbuildingoficial.com/wp-content/plugins/super-socializer/library/Google/Client.php(126): Google_Auth_OAuth2->authenticate('4/3gF4cuFxWuXeo...')
#1 /var/www/powerbuildingoficial.com/wp-content/plugins/super-socializer/super_socializer.php(427): Google_Client->authenticate('4/3gF4cuFxWuXeo...')
#2 /var/www/powerbuildingoficial.com/wp-includes/class-wp-hook.php(287): the_champ_connect(Object(WP))
#3 /var/www/powerbuildingoficial.com/wp-includes/class-wp-hook.php(311): WP_Hook->apply_filters(NULL, Array)
#4 /var/www/powerbuildingoficial.com/wp-includes/plugin.php(544): WP_Hook->do_action(Array)
#5 /var/www/powerbuildingoficial.com/wp-includes/class-wp.php(388): do_action_ref_array('parse_request', Array)
#6 /var/www/powerbuildingoficial.com/wp-includes/class-wp.php(739): WP- en /var/www/powerbuildingoficial.com/wp-content/plugins/super-socializer/library/Google/Auth/OAuth2.php en la línea 120

